0 info it worked if it ends with ok
1 verbose cli [ 'C:\\nodejs\\node.exe',
1 verbose cli   'C:\\Users\\Administrator\\AppData\\Roaming\\npm\\node_modules\\npm\\bin\\npm-cli.js',
1 verbose cli   'start' ]
2 info using npm@4.0.3
3 info using node@v6.11.2
4 verbose run-script [ 'prestart', 'start', 'poststart' ]
5 info lifecycle blog@0.0.0~prestart: blog@0.0.0
6 silly lifecycle blog@0.0.0~prestart: no script for prestart, continuing
7 info lifecycle blog@0.0.0~start: blog@0.0.0
8 verbose lifecycle blog@0.0.0~start: unsafe-perm in lifecycle true
9 verbose lifecycle blog@0.0.0~start: PATH: C:\Users\Administrator\AppData\Roaming\npm\node_modules\npm\bin\node-gyp-bin;E:\myPlace\nodejs\blog\node_modules\.bin;C:\Python27\;C:\Python27\Scripts;C:\Program Files (x86)\ImageMagick-7.0.3-Q16;c:\program files (x86)\graphicsmagick-1.3.25-q16;C:\Program Files (x86)\Java\jdk1.8.0_111\bin;C:\Program Files (x86)\Java\jdk1.8.0_111\jre\binC:\ProgramData\Oracle\Java\javapath;C:\Program Files\MongoDB\Server\3.2\bin;C:\Windows\system32;C:\Windows;C:\Windows\System32\Wbem;C:\Windows\System32\WindowsPowerShell\v1.0\;C:\Program Files\TortoiseSVN\bin;C:\nodejs\;C:\Program Files (x86)\Windows Kits\8.1\Windows Performance Toolkit\;C:\Program Files (x86)\QuickTime\QTSystem\;C:\ProgramData\chocolatey\bin;C:\tools\python2;C:\Program Files\Git\cmd;C:\Program Files (x86)\GraphicsMagick-1.3.25-Q16;E:\phantomjs-2.1.1-windows\phantomjs-2.1.1-windows\bin;D:\Users\Administrator\AppData\Local\Android\sdk\platform-tools;D:\Users\Administrator\AppData\Local\Android\sdk\tools;C:\Users\Administrator\AppData\Roaming\npm;C:\Program Files (x86)\Java\jdk1.8.0_111/bin;C:\Program Files (x86)\Java\jdk1.8.0_111/jre/bin
10 verbose lifecycle blog@0.0.0~start: CWD: E:\myPlace\nodejs\blog
11 silly lifecycle blog@0.0.0~start: Args: [ '/d /s /c', 'node ./bin/www' ]
12 silly lifecycle blog@0.0.0~start: Returned: code: 1  signal: null
13 info lifecycle blog@0.0.0~start: Failed to exec start script
14 verbose stack Error: blog@0.0.0 start: `node ./bin/www`
14 verbose stack Exit status 1
14 verbose stack     at EventEmitter.<anonymous> (C:\Users\Administrator\AppData\Roaming\npm\node_modules\npm\lib\utils\lifecycle.js:279:16)
14 verbose stack     at emitTwo (events.js:106:13)
14 verbose stack     at EventEmitter.emit (events.js:191:7)
14 verbose stack     at ChildProcess.<anonymous> (C:\Users\Administrator\AppData\Roaming\npm\node_modules\npm\lib\utils\spawn.js:40:14)
14 verbose stack     at emitTwo (events.js:106:13)
14 verbose stack     at ChildProcess.emit (events.js:191:7)
14 verbose stack     at maybeClose (internal/child_process.js:891:16)
14 verbose stack     at Process.ChildProcess._handle.onexit (internal/child_process.js:226:5)
15 verbose pkgid blog@0.0.0
16 verbose cwd E:\myPlace\nodejs\blog
17 error Windows_NT 6.1.7601
18 error argv "C:\\nodejs\\node.exe" "C:\\Users\\Administrator\\AppData\\Roaming\\npm\\node_modules\\npm\\bin\\npm-cli.js" "start"
19 error node v6.11.2
20 error npm  v4.0.3
21 error code ELIFECYCLE
22 error blog@0.0.0 start: `node ./bin/www`
22 error Exit status 1
23 error Failed at the blog@0.0.0 start script 'node ./bin/www'.
23 error Make sure you have the latest version of node.js and npm installed.
23 error If you do, this is most likely a problem with the blog package,
23 error not with npm itself.
23 error Tell the author that this fails on your system:
23 error     node ./bin/www
23 error You can get information on how to open an issue for this project with:
23 error     npm bugs blog
23 error Or if that isn't available, you can get their info via:
23 error     npm owner ls blog
23 error There is likely additional logging output above.
24 verbose exit [ 1, true ]
